<?xml version="1.0" encoding="UTF-8"?>
<robot generator="Robot 7.2 (Python 3.13.1 on win32)" generated="2025-01-23T16:34:28.981964" rpa="false" schemaversion="5">
<suite id="s1" name="Start" source="c:\Users\Meus Documentos\workspace\robot-framework\robot-web\start.robot">
<test id="s1-t1" name="Analisando Variaveis" line="18">
<kw name="Log To Console" owner="BuiltIn">
<arg>Noesis Academy</arg>
<doc>Logs the given message to the console.</doc>
<status status="PASS" start="2025-01-23T16:34:29.323836" elapsed="0.000717"/>
</kw>
<status status="PASS" start="2025-01-23T16:34:29.322453" elapsed="0.002887"/>
</test>
<status status="PASS" start="2025-01-23T16:34:28.986535" elapsed="0.341203"/>
</suite>
<statistics>
<total>
<stat pass="1" fail="0" skip="0">All Tests</stat>
</total>
<tag>
</tag>
<suite>
<stat name="Start" id="s1" pass="1" fail="0" skip="0">Start</stat>
</suite>
</statistics>
<errors>
</errors>
</robot>
