<?xml version="1.0" encoding="UTF-8"?>
<robot generator="Robot 7.2 (Python 3.13.1 on win32)" generated="2025-01-21T16:58:47.243937" rpa="false" schemaversion="5">
<suite id="s1" name="Start" source="C:\Users\Meus Documentos\workspace\robot-framework\robot-web\start.robot">
<test id="s1-t1" name="Acessar um site" line="9">
<kw name="Open Browser" owner="SeleniumLibrary">
<msg time="2025-01-21T16:58:47.582986" level="INFO">Opening browser 'Chrome' to base url 'https://opensource-demo.orangehrmlive.com/web/index.php/auth/login'.</msg>
<arg>${LOGIN URL}</arg>
<arg>${BROWSER}</arg>
<doc>Opens a new browser instance to the optional ``url``.</doc>
<status status="PASS" start="2025-01-21T16:58:47.582709" elapsed="3.645537"/>
</kw>
<kw name="Sleep" owner="BuiltIn">
<msg time="2025-01-21T16:59:01.229065" level="INFO">Slept 10 seconds.</msg>
<arg>10</arg>
<doc>Pauses the test executed for the given time.</doc>
<status status="PASS" start="2025-01-21T16:58:51.228584" elapsed="10.000590"/>
</kw>
<kw name="Input Text" owner="SeleniumLibrary">
<msg time="2025-01-21T16:59:01.229864" level="INFO">Typing text 'Admin' into text field '//input[@name="username"]'.</msg>
<arg>//input[@name="username"]</arg>
<arg>Admin</arg>
<doc>Types the given ``text`` into the text field identified by ``locator``.</doc>
<status status="PASS" start="2025-01-21T16:59:01.229549" elapsed="0.088517"/>
</kw>
<kw name="Input Text" owner="SeleniumLibrary">
<msg time="2025-01-21T16:59:01.318565" level="INFO">Typing text 'admin123' into text field '//input[@name="password"]'.</msg>
<arg>//input[@name="password"]</arg>
<arg>admin123</arg>
<doc>Types the given ``text`` into the text field identified by ``locator``.</doc>
<status status="PASS" start="2025-01-21T16:59:01.318360" elapsed="0.084667"/>
</kw>
<kw name="Click Button" owner="SeleniumLibrary">
<msg time="2025-01-21T16:59:01.403454" level="INFO">Clicking button '//button[@class="oxd-button oxd-button--medium oxd-button--main orangehrm-login-button"]'.</msg>
<arg>//button[@class="oxd-button oxd-button--medium oxd-button--main orangehrm-login-button"]</arg>
<doc>Clicks the button identified by ``locator``.</doc>
<status status="PASS" start="2025-01-21T16:59:01.403283" elapsed="0.875334"/>
</kw>
<kw name="Sleep" owner="BuiltIn">
<msg time="2025-01-21T16:59:12.279667" level="INFO">Slept 10 seconds.</msg>
<arg>10</arg>
<doc>Pauses the test executed for the given time.</doc>
<status status="PASS" start="2025-01-21T16:59:02.278926" elapsed="10.000852"/>
</kw>
<status status="PASS" start="2025-01-21T16:58:47.581686" elapsed="24.698392"/>
</test>
<status status="PASS" start="2025-01-21T16:58:47.245420" elapsed="25.035465"/>
</suite>
<statistics>
<total>
<stat pass="1" fail="0" skip="0">All Tests</stat>
</total>
<tag>
</tag>
<suite>
<stat name="Start" id="s1" pass="1" fail="0" skip="0">Start</stat>
</suite>
</statistics>
<errors>
</errors>
</robot>
